<?xml version="1.0" encoding="UTF-8"?>
<!-- Generated by org.testng.reporters.JUnitXMLReporter -->
<testsuite hostname="admin-PC" ignored="0" name="Test2" tests="1" failures="1" timestamp="15 Apr 2020 04:18:01 GMT" time="10.465" errors="0">
  <testcase name="titleexecution" time="7.588" classname="Resources.FirstE2EProject.VerifyTitle">
    <failure type="junit.framework.ComparisonFailure" message="expected:&amp;lt;......&amp;gt; but was:&amp;lt;...123...&amp;gt;">
      <![CDATA[junit.framework.ComparisonFailure: expected:<......> but was:<...123...>
at junit.framework.Assert.assertEquals(Assert.java:81)
at junit.framework.Assert.assertEquals(Assert.java:87)
at Resources.FirstE2EProject.VerifyTitle.titleexecution(VerifyTitle.java:24)
... Removed 25 stack frames]]>
    </failure>
  </testcase> <!-- titleexecution -->
</testsuite> <!-- Test2 -->
