<?xml version="1.0" encoding="UTF-8"?>
<!-- Generated by org.testng.reporters.JUnitXMLReporter -->
<testsuite hostname="admin-PC" ignored="0" name="Test" tests="3" failures="1" timestamp="14 Apr 2020 16:37:04 GMT" time="52.576" errors="0">
  <testcase name="loginexecution" time="23.031" classname="Resources.FirstE2EProject.verifylogin"/>
  <testcase name="titleexecution" time="10.389" classname="Resources.FirstE2EProject.VerifyTitle">
    <failure type="junit.framework.ComparisonFailure" message="expected:&amp;lt;......&amp;gt; but was:&amp;lt;...123...&amp;gt;">
      <![CDATA[junit.framework.ComparisonFailure: expected:<......> but was:<...123...>
at junit.framework.Assert.assertEquals(Assert.java:81)
at junit.framework.Assert.assertEquals(Assert.java:87)
at Resources.FirstE2EProject.VerifyTitle.titleexecution(VerifyTitle.java:24)
... Removed 29 stack frames]]>
    </failure>
  </testcase> <!-- titleexecution -->
  <testcase name="Barexecution" time="7.711" classname="Resources.FirstE2EProject.verifyBar"/>
</testsuite> <!-- Test -->
