<?xml version="1.0" encoding="UTF-8"?>
<testng-results skipped="0" failed="1" ignored="0" total="3" passed="2">
  <reporter-output>
  </reporter-output>
  <suite name="Suite" duration-ms="52576" started-at="2020-04-14T16:36:11Z" finished-at="2020-04-14T16:37:04Z">
    <groups>
    </groups>
    <test name="Test" duration-ms="52576" started-at="2020-04-14T16:36:11Z" finished-at="2020-04-14T16:37:04Z">
      <class name="Resources.FirstE2EProject.verifyBar">
        <test-method status="PASS" signature="Barexecution()[pri:0, instance:Resources.FirstE2EProject.verifyBar@2ed0fbae]" name="Barexecution" duration-ms="7711" started-at="2020-04-14T16:36:46Z" finished-at="2020-04-14T16:36:53Z">
          <reporter-output>
          </reporter-output>
        </test-method> <!-- Barexecution -->
      </class> <!-- Resources.FirstE2EProject.verifyBar -->
      <class name="Resources.FirstE2EProject.verifylogin">
        <test-method status="PASS" signature="loginexecution()[pri:0, instance:Resources.FirstE2EProject.verifylogin@240237d2]" name="loginexecution" duration-ms="23031" started-at="2020-04-14T16:36:11Z" finished-at="2020-04-14T16:36:34Z">
          <reporter-output>
          </reporter-output>
        </test-method> <!-- loginexecution -->
      </class> <!-- Resources.FirstE2EProject.verifylogin -->
      <class name="Resources.FirstE2EProject.VerifyTitle">
        <test-method status="FAIL" signature="titleexecution()[pri:0, instance:Resources.FirstE2EProject.VerifyTitle@25a65b77]" name="titleexecution" duration-ms="10389" started-at="2020-04-14T16:36:34Z" finished-at="2020-04-14T16:36:45Z">
          <exception class="junit.framework.ComparisonFailure">
            <message>
              <![CDATA[expected:<......> but was:<...123...>]]>
            </message>
            <full-stacktrace>
              <![CDATA[junit.framework.ComparisonFailure: expected:<......> but was:<...123...>
at junit.framework.Assert.assertEquals(Assert.java:81)
at junit.framework.Assert.assertEquals(Assert.java:87)
at Resources.FirstE2EProject.VerifyTitle.titleexecution(VerifyTitle.java:24)
at sun.reflect.NativeMethodAccessorImpl.invoke0(Native Method)
at sun.reflect.NativeMethodAccessorImpl.invoke(Unknown Source)
at sun.reflect.DelegatingMethodAccessorImpl.invoke(Unknown Source)
at java.lang.reflect.Method.invoke(Unknown Source)
at org.testng.internal.MethodInvocationHelper.invokeMethod(MethodInvocationHelper.java:124)
at org.testng.internal.Invoker.invokeMethod(Invoker.java:583)
at org.testng.internal.Invoker.invokeTestMethod(Invoker.java:719)
at org.testng.internal.Invoker.invokeTestMethods(Invoker.java:989)
at org.testng.internal.TestMethodWorker.invokeTestMethods(TestMethodWorker.java:125)
at org.testng.internal.TestMethodWorker.run(TestMethodWorker.java:109)
at org.testng.TestRunner.privateRun(TestRunner.java:648)
at org.testng.TestRunner.run(TestRunner.java:505)
at org.testng.SuiteRunner.runTest(SuiteRunner.java:455)
at org.testng.SuiteRunner.runSequentially(SuiteRunner.java:450)
at org.testng.SuiteRunner.privateRun(SuiteRunner.java:415)
at org.testng.SuiteRunner.run(SuiteRunner.java:364)
at org.testng.SuiteRunnerWorker.runSuite(SuiteRunnerWorker.java:52)
at org.testng.SuiteRunnerWorker.run(SuiteRunnerWorker.java:84)
at org.testng.TestNG.runSuitesSequentially(TestNG.java:1208)
at org.testng.TestNG.runSuitesLocally(TestNG.java:1137)
at org.testng.TestNG.runSuites(TestNG.java:1049)
at org.testng.TestNG.run(TestNG.java:1017)
at org.apache.maven.surefire.testng.TestNGExecutor.run(TestNGExecutor.java:283)
at org.apache.maven.surefire.testng.TestNGXmlTestSuite.execute(TestNGXmlTestSuite.java:75)
at org.apache.maven.surefire.testng.TestNGProvider.invoke(TestNGProvider.java:120)
at org.apache.maven.surefire.booter.ForkedBooter.runSuitesInProcess(ForkedBooter.java:377)
at org.apache.maven.surefire.booter.ForkedBooter.execute(ForkedBooter.java:138)
at org.apache.maven.surefire.booter.ForkedBooter.run(ForkedBooter.java:465)
at org.apache.maven.surefire.booter.ForkedBooter.main(ForkedBooter.java:451)
]]>
            </full-stacktrace>
          </exception> <!-- junit.framework.ComparisonFailure -->
          <reporter-output>
          </reporter-output>
        </test-method> <!-- titleexecution -->
        <test-method status="PASS" signature="closedriver()[pri:0, instance:Resources.FirstE2EProject.VerifyTitle@25a65b77]" name="closedriver" is-config="true" duration-ms="4059" started-at="2020-04-14T16:36:53Z" finished-at="2020-04-14T16:36:57Z">
          <reporter-output>
          </reporter-output>
        </test-method> <!-- closedriver -->
        <test-method status="PASS" signature="closedriver()[pri:0, instance:Resources.FirstE2EProject.verifyBar@2ed0fbae]" name="closedriver" is-config="true" duration-ms="2260" started-at="2020-04-14T16:36:57Z" finished-at="2020-04-14T16:37:00Z">
          <reporter-output>
          </reporter-output>
        </test-method> <!-- closedriver -->
        <test-method status="PASS" signature="closedriver()[pri:0, instance:Resources.FirstE2EProject.verifylogin@240237d2]" name="closedriver" is-config="true" duration-ms="4105" started-at="2020-04-14T16:37:00Z" finished-at="2020-04-14T16:37:04Z">
          <reporter-output>
          </reporter-output>
        </test-method> <!-- closedriver -->
      </class> <!-- Resources.FirstE2EProject.VerifyTitle -->
    </test> <!-- Test -->
  </suite> <!-- Suite -->
</testng-results>
